Tue Jan 10 12:18:28 CST 2017  [debug] AvalonLogSystem initialized using logfile 'E:\Workspaces\.metadata\.plugins\com.genuitec.eclipse.templates\velocity.log'
Tue Jan 10 12:18:28 CST 2017   [info] ************************************************************** 
Tue Jan 10 12:18:28 CST 2017   [info] Starting Jakarta Velocity v1.4
Tue Jan 10 12:18:28 CST 2017   [info] RuntimeInstance initializing.
Tue Jan 10 12:18:28 CST 2017   [info] Default Properties File: org\apache\velocity\runtime\defaults\velocity.properties
Tue Jan 10 12:18:28 CST 2017   [info] Trying to use logger class org.apache.velocity.runtime.log.AvalonLogSystem
Tue Jan 10 12:18:28 CST 2017   [info] Using logger class org.apache.velocity.runtime.log.AvalonLogSystem
Tue Jan 10 12:18:28 CST 2017   [info] Default ResourceManager initializing. (class org.apache.velocity.runtime.resource.ResourceManagerImpl)
Tue Jan 10 12:18:28 CST 2017   [info] Resource Loader Instantiated: com.genuitec.eclipse.templates.internal.PluginResourceLoader
Tue Jan 10 12:18:28 CST 2017   [info] ResourceCache : initialized. (class org.apache.velocity.runtime.resource.ResourceCacheImpl)
Tue Jan 10 12:18:28 CST 2017   [info] Default ResourceManager initialization complete.
Tue Jan 10 12:18:28 CST 2017   [info] Loaded System Directive: org.apache.velocity.runtime.directive.Literal
Tue Jan 10 12:18:28 CST 2017   [info] Loaded System Directive: org.apache.velocity.runtime.directive.Macro
Tue Jan 10 12:18:28 CST 2017   [info] Loaded System Directive: org.apache.velocity.runtime.directive.Parse
Tue Jan 10 12:18:28 CST 2017   [info] Loaded System Directive: org.apache.velocity.runtime.directive.Include
Tue Jan 10 12:18:28 CST 2017   [info] Loaded System Directive: org.apache.velocity.runtime.directive.Foreach
Tue Jan 10 12:18:28 CST 2017   [info] Created: 20 parsers.
Tue Jan 10 12:18:28 CST 2017   [info] Velocimacro : initialization starting.
Tue Jan 10 12:18:28 CST 2017   [info] Velocimacro : adding VMs from VM library template : VM_global_library.vm
Tue Jan 10 12:18:28 CST 2017  [error] ResourceManager : unable to find resource 'VM_global_library.vm' in any resource loader.
Tue Jan 10 12:18:28 CST 2017   [info] Velocimacro : error using  VM library template VM_global_library.vm : org.apache.velocity.exception.ResourceNotFoundException: Unable to find resource 'VM_global_library.vm'
Tue Jan 10 12:18:28 CST 2017   [info] Velocimacro :  VM library template macro registration complete.
Tue Jan 10 12:18:28 CST 2017   [info] Velocimacro : allowInline = true : VMs can be defined inline in templates
Tue Jan 10 12:18:28 CST 2017   [info] Velocimacro : allowInlineToOverride = true : VMs defined inline may replace previous VM definitions
Tue Jan 10 12:18:28 CST 2017   [info] Velocimacro : allowInlineLocal = true : VMs defined inline will be local to their defining template only.
Tue Jan 10 12:18:28 CST 2017   [info] Velocimacro : messages on  : VM system will output logging messages
Tue Jan 10 12:18:28 CST 2017   [info] Velocimacro : autoload off  : VM system will not automatically reload global library macros
Tue Jan 10 12:18:28 CST 2017   [info] Velocimacro : initialization complete.
Tue Jan 10 12:18:28 CST 2017   [info] Velocity successfully started.
Tue Jan 10 12:18:28 CST 2017   [info] ResourceManager : found templates/web.xml.vm with loader com.genuitec.eclipse.templates.internal.PluginResourceLoader
Tue Jan 10 12:18:28 CST 2017   [info] ResourceManager : found /templates/velocity/welcome/Jsp.vtl with loader com.genuitec.eclipse.templates.internal.PluginResourceLoader
Tue Jan 10 12:21:32 CST 2017   [info] ResourceManager : found templates/web.xml.vm with loader com.genuitec.eclipse.templates.internal.PluginResourceLoader
Tue Jan 10 12:21:33 CST 2017   [info] ResourceManager : found /templates/velocity/welcome/Jsp.vtl with loader com.genuitec.eclipse.templates.internal.PluginResourceLoader
Tue Jan 10 12:25:53 CST 2017   [info] ResourceManager : found templates/jsp/Jsp.vtl with loader com.genuitec.eclipse.templates.internal.PluginResourceLoader
Tue Jan 10 12:25:53 CST 2017   [info] ResourceManager : found templates/jsp/JSPMetaTags.vtl with loader com.genuitec.eclipse.templates.internal.PluginResourceLoader
Tue Jan 10 12:36:19 CST 2017   [info] ResourceManager : found templates/jsp/Jsp.vtl with loader com.genuitec.eclipse.templates.internal.PluginResourceLoader
Tue Jan 10 12:36:19 CST 2017   [info] ResourceManager : found templates/jsp/JSPMetaTags.vtl with loader com.genuitec.eclipse.templates.internal.PluginResourceLoader
Tue Jan 10 12:36:51 CST 2017   [info] ResourceManager : found templates/jsp/Jsp.vtl with loader com.genuitec.eclipse.templates.internal.PluginResourceLoader
Tue Jan 10 12:36:51 CST 2017   [info] ResourceManager : found templates/jsp/JSPMetaTags.vtl with loader com.genuitec.eclipse.templates.internal.PluginResourceLoader
Tue Jan 10 12:43:32 CST 2017   [info] ResourceManager : found templates/jsp/Jsp.vtl with loader com.genuitec.eclipse.templates.internal.PluginResourceLoader
Tue Jan 10 12:43:32 CST 2017   [info] ResourceManager : found templates/jsp/JSPMetaTags.vtl with loader com.genuitec.eclipse.templates.internal.PluginResourceLoader
Tue Jan 10 13:01:10 CST 2017   [info] ResourceManager : found templates/jsp/Jsp.vtl with loader com.genuitec.eclipse.templates.internal.PluginResourceLoader
Tue Jan 10 13:01:10 CST 2017   [info] ResourceManager : found templates/jsp/JSPMetaTags.vtl with loader com.genuitec.eclipse.templates.internal.PluginResourceLoader
Tue Jan 10 13:04:22 CST 2017   [info] ResourceManager : found templates/jsp/Jsp.vtl with loader com.genuitec.eclipse.templates.internal.PluginResourceLoader
Tue Jan 10 13:04:22 CST 2017   [info] ResourceManager : found templates/jsp/JSPMetaTags.vtl with loader com.genuitec.eclipse.templates.internal.PluginResourceLoader
Tue Jan 10 13:09:52 CST 2017   [info] ResourceManager : found templates/jsp/Jsp.vtl with loader com.genuitec.eclipse.templates.internal.PluginResourceLoader
Tue Jan 10 13:09:52 CST 2017   [info] ResourceManager : found templates/jsp/JSPMetaTags.vtl with loader com.genuitec.eclipse.templates.internal.PluginResourceLoader
Tue Jan 10 13:21:41 CST 2017   [info] ResourceManager : found templates/jsp/Jsp.vtl with loader com.genuitec.eclipse.templates.internal.PluginResourceLoader
Tue Jan 10 13:21:41 CST 2017   [info] ResourceManager : found templates/jsp/JSPMetaTags.vtl with loader com.genuitec.eclipse.templates.internal.PluginResourceLoader
